[2024-04-05T15:05:53.331+0000] {taskinstance.py:1979} INFO - Dependencies all met for dep_context=non-requeueable deps ti=<TaskInstance: extract_osm_farmland.load_data_tobigquery manual__2024-04-05T15:02:42.616113+00:00 [queued]>
[2024-04-05T15:05:53.356+0000] {taskinstance.py:1979} INFO - Dependencies all met for dep_context=requeueable deps ti=<TaskInstance: extract_osm_farmland.load_data_tobigquery manual__2024-04-05T15:02:42.616113+00:00 [queued]>
[2024-04-05T15:05:53.358+0000] {taskinstance.py:2193} INFO - Starting attempt 1 of 2
[2024-04-05T15:05:53.395+0000] {taskinstance.py:2217} INFO - Executing <Task(_PythonDecoratedOperator): load_data_tobigquery> on 2024-04-05 15:02:42.616113+00:00
[2024-04-05T15:05:53.410+0000] {standard_task_runner.py:60} INFO - Started process 5230 to run task
[2024-04-05T15:05:53.419+0000] {standard_task_runner.py:87} INFO - Running: ['***', 'tasks', 'run', 'extract_osm_farmland', 'load_data_tobigquery', 'manual__2024-04-05T15:02:42.616113+00:00', '--job-id', '224', '--raw', '--subdir', 'DAGS_FOLDER/extract_file_data_from_osm.py', '--cfg-path', '/tmp/tmp8ylxvels']
[2024-04-05T15:05:53.423+0000] {standard_task_runner.py:88} INFO - Job 224: Subtask load_data_tobigquery
[2024-04-05T15:05:53.613+0000] {task_command.py:423} INFO - Running <TaskInstance: extract_osm_farmland.load_data_tobigquery manual__2024-04-05T15:02:42.616113+00:00 [running]> on host 2adb4d880117
[2024-04-05T15:05:53.891+0000] {taskinstance.py:2513} INFO - Exporting env vars: AIRFLOW_CTX_DAG_OWNER='***' AIRFLOW_CTX_DAG_ID='extract_osm_farmland' AIRFLOW_CTX_TASK_ID='load_data_tobigquery' AIRFLOW_CTX_EXECUTION_DATE='2024-04-05T15:02:42.616113+00:00' AIRFLOW_CTX_TRY_NUMBER='1' AIRFLOW_CTX_DAG_RUN_ID='manual__2024-04-05T15:02:42.616113+00:00'
[2024-04-05T15:06:45.228+0000] {logging_mixin.py:188} INFO - Errors occurred: [{'index': 0, 'errors': [{'reason': 'invalid', 'location': 'geo', 'debugInfo': '', 'message': 'no such field: geo.'}]}]
[2024-04-05T15:06:46.204+0000] {logging_mixin.py:188} INFO - Errors occurred: [{'index': 0, 'errors': [{'reason': 'invalid', 'location': 'lganame', 'debugInfo': '', 'message': 'no such field: lganame.'}]}]
[2024-04-05T15:06:47.029+0000] {logging_mixin.py:188} INFO - Errors occurred: [{'index': 0, 'errors': [{'reason': 'invalid', 'location': 'geo', 'debugInfo': '', 'message': 'no such field: geo.'}]}]
[2024-04-05T15:06:47.578+0000] {logging_mixin.py:188} INFO - Errors occurred: [{'index': 0, 'errors': [{'reason': 'invalid', 'location': 'landuse', 'debugInfo': '', 'message': 'no such field: landuse.'}]}]
[2024-04-05T15:06:48.091+0000] {logging_mixin.py:188} INFO - Errors occurred: [{'index': 0, 'errors': [{'reason': 'invalid', 'location': 'geo', 'debugInfo': '', 'message': 'no such field: geo.'}]}]
[2024-04-05T15:06:48.602+0000] {logging_mixin.py:188} INFO - Errors occurred: [{'index': 0, 'errors': [{'reason': 'invalid', 'location': 'landuse', 'debugInfo': '', 'message': 'no such field: landuse.'}]}]
[2024-04-05T15:06:49.275+0000] {logging_mixin.py:188} INFO - Errors occurred: [{'index': 0, 'errors': [{'reason': 'invalid', 'location': 'statename', 'debugInfo': '', 'message': 'no such field: statename.'}]}]
[2024-04-05T15:06:50.041+0000] {logging_mixin.py:188} INFO - Errors occurred: [{'index': 0, 'errors': [{'reason': 'invalid', 'location': 'landuse', 'debugInfo': '', 'message': 'no such field: landuse.'}]}]
[2024-04-05T15:06:50.828+0000] {logging_mixin.py:188} INFO - Errors occurred: [{'index': 0, 'errors': [{'reason': 'invalid', 'location': 'lganame', 'debugInfo': '', 'message': 'no such field: lganame.'}]}]
[2024-04-05T15:06:51.330+0000] {logging_mixin.py:188} INFO - Errors occurred: [{'index': 0, 'errors': [{'reason': 'invalid', 'location': 'statename', 'debugInfo': '', 'message': 'no such field: statename.'}]}]
[2024-04-05T15:06:51.840+0000] {logging_mixin.py:188} INFO - Errors occurred: [{'index': 0, 'errors': [{'reason': 'invalid', 'location': 'statename', 'debugInfo': '', 'message': 'no such field: statename.'}]}]
[2024-04-05T15:06:52.355+0000] {logging_mixin.py:188} INFO - Errors occurred: [{'index': 0, 'errors': [{'reason': 'invalid', 'location': 'statename', 'debugInfo': '', 'message': 'no such field: statename.'}]}]
[2024-04-05T15:06:52.878+0000] {logging_mixin.py:188} INFO - Errors occurred: [{'index': 0, 'errors': [{'reason': 'invalid', 'location': 'geo', 'debugInfo': '', 'message': 'no such field: geo.'}]}]
[2024-04-05T15:06:53.722+0000] {logging_mixin.py:188} INFO - Errors occurred: [{'index': 0, 'errors': [{'reason': 'invalid', 'location': 'lganame', 'debugInfo': '', 'message': 'no such field: lganame.'}]}]
[2024-04-05T15:06:54.454+0000] {logging_mixin.py:188} INFO - Errors occurred: [{'index': 0, 'errors': [{'reason': 'invalid', 'location': 'lganame', 'debugInfo': '', 'message': 'no such field: lganame.'}]}]
[2024-04-05T15:06:55.046+0000] {logging_mixin.py:188} INFO - Errors occurred: [{'index': 0, 'errors': [{'reason': 'invalid', 'location': 'wardname', 'debugInfo': '', 'message': 'no such field: wardname.'}]}]
[2024-04-05T15:06:55.554+0000] {logging_mixin.py:188} INFO - Errors occurred: [{'index': 0, 'errors': [{'reason': 'invalid', 'location': 'lganame', 'debugInfo': '', 'message': 'no such field: lganame.'}]}]
[2024-04-05T15:06:56.065+0000] {logging_mixin.py:188} INFO - Errors occurred: [{'index': 0, 'errors': [{'reason': 'invalid', 'location': 'geo', 'debugInfo': '', 'message': 'no such field: geo.'}]}]
[2024-04-05T15:06:56.622+0000] {logging_mixin.py:188} INFO - Errors occurred: [{'index': 0, 'errors': [{'reason': 'invalid', 'location': 'statename', 'debugInfo': '', 'message': 'no such field: statename.'}]}]
[2024-04-05T15:06:57.701+0000] {logging_mixin.py:188} INFO - Errors occurred: [{'index': 0, 'errors': [{'reason': 'invalid', 'location': 'landuse', 'debugInfo': '', 'message': 'no such field: landuse.'}]}]
[2024-04-05T15:06:58.358+0000] {logging_mixin.py:188} INFO - Errors occurred: [{'index': 0, 'errors': [{'reason': 'invalid', 'location': 'landuse', 'debugInfo': '', 'message': 'no such field: landuse.'}]}]
[2024-04-05T15:06:59.072+0000] {logging_mixin.py:188} INFO - Errors occurred: [{'index': 0, 'errors': [{'reason': 'invalid', 'location': 'lganame', 'debugInfo': '', 'message': 'no such field: lganame.'}]}]
[2024-04-05T15:06:59.583+0000] {logging_mixin.py:188} INFO - Errors occurred: [{'index': 0, 'errors': [{'reason': 'invalid', 'location': 'lganame', 'debugInfo': '', 'message': 'no such field: lganame.'}]}]
[2024-04-05T15:07:00.105+0000] {logging_mixin.py:188} INFO - Errors occurred: [{'index': 0, 'errors': [{'reason': 'invalid', 'location': 'landuse', 'debugInfo': '', 'message': 'no such field: landuse.'}]}]
[2024-04-05T15:07:00.621+0000] {logging_mixin.py:188} INFO - Errors occurred: [{'index': 0, 'errors': [{'reason': 'invalid', 'location': 'landuse', 'debugInfo': '', 'message': 'no such field: landuse.'}]}]
[2024-04-05T15:07:01.156+0000] {logging_mixin.py:188} INFO - Errors occurred: [{'index': 0, 'errors': [{'reason': 'invalid', 'location': 'statename', 'debugInfo': '', 'message': 'no such field: statename.'}]}]
[2024-04-05T15:07:01.669+0000] {logging_mixin.py:188} INFO - Errors occurred: [{'index': 0, 'errors': [{'reason': 'invalid', 'location': 'statename', 'debugInfo': '', 'message': 'no such field: statename.'}]}]
[2024-04-05T15:07:02.215+0000] {logging_mixin.py:188} INFO - Errors occurred: [{'index': 0, 'errors': [{'reason': 'invalid', 'location': 'urban', 'debugInfo': '', 'message': 'no such field: urban.'}]}]
[2024-04-05T15:07:02.767+0000] {logging_mixin.py:188} INFO - Errors occurred: [{'index': 0, 'errors': [{'reason': 'invalid', 'location': 'geo', 'debugInfo': '', 'message': 'no such field: geo.'}]}]
[2024-04-05T15:07:03.477+0000] {logging_mixin.py:188} INFO - Errors occurred: [{'index': 0, 'errors': [{'reason': 'invalid', 'location': 'statename', 'debugInfo': '', 'message': 'no such field: statename.'}]}]
[2024-04-05T15:07:04.259+0000] {logging_mixin.py:188} INFO - Errors occurred: [{'index': 0, 'errors': [{'reason': 'invalid', 'location': 'geo', 'debugInfo': '', 'message': 'no such field: geo.'}]}]
[2024-04-05T15:07:04.938+0000] {logging_mixin.py:188} INFO - Errors occurred: [{'index': 0, 'errors': [{'reason': 'invalid', 'location': 'urban', 'debugInfo': '', 'message': 'no such field: urban.'}]}]
[2024-04-05T15:07:05.403+0000] {logging_mixin.py:188} INFO - Errors occurred: [{'index': 0, 'errors': [{'reason': 'invalid', 'location': 'geo', 'debugInfo': '', 'message': 'no such field: geo.'}]}]
[2024-04-05T15:07:05.907+0000] {logging_mixin.py:188} INFO - Errors occurred: [{'index': 0, 'errors': [{'reason': 'invalid', 'location': 'geo', 'debugInfo': '', 'message': 'no such field: geo.'}]}]
[2024-04-05T15:07:06.417+0000] {logging_mixin.py:188} INFO - Errors occurred: [{'index': 0, 'errors': [{'reason': 'invalid', 'location': 'landuse', 'debugInfo': '', 'message': 'no such field: landuse.'}]}]
[2024-04-05T15:07:06.951+0000] {logging_mixin.py:188} INFO - Errors occurred: [{'index': 0, 'errors': [{'reason': 'invalid', 'location': 'statename', 'debugInfo': '', 'message': 'no such field: statename.'}]}]
[2024-04-05T15:07:07.457+0000] {logging_mixin.py:188} INFO - Errors occurred: [{'index': 0, 'errors': [{'reason': 'invalid', 'location': 'lganame', 'debugInfo': '', 'message': 'no such field: lganame.'}]}]
[2024-04-05T15:07:08.223+0000] {logging_mixin.py:188} INFO - Errors occurred: [{'index': 0, 'errors': [{'reason': 'invalid', 'location': 'landuse', 'debugInfo': '', 'message': 'no such field: landuse.'}]}]
[2024-04-05T15:07:09.002+0000] {logging_mixin.py:188} INFO - Errors occurred: [{'index': 0, 'errors': [{'reason': 'invalid', 'location': 'lganame', 'debugInfo': '', 'message': 'no such field: lganame.'}]}]
[2024-04-05T15:07:09.536+0000] {logging_mixin.py:188} INFO - Errors occurred: [{'index': 0, 'errors': [{'reason': 'invalid', 'location': 'landuse', 'debugInfo': '', 'message': 'no such field: landuse.'}]}]
[2024-04-05T15:07:10.032+0000] {logging_mixin.py:188} INFO - Errors occurred: [{'index': 0, 'errors': [{'reason': 'invalid', 'location': 'landuse', 'debugInfo': '', 'message': 'no such field: landuse.'}]}]
[2024-04-05T15:07:10.534+0000] {logging_mixin.py:188} INFO - Errors occurred: [{'index': 0, 'errors': [{'reason': 'invalid', 'location': 'landuse', 'debugInfo': '', 'message': 'no such field: landuse.'}]}]
[2024-04-05T15:07:11.097+0000] {logging_mixin.py:188} INFO - Errors occurred: [{'index': 0, 'errors': [{'reason': 'invalid', 'location': 'lganame', 'debugInfo': '', 'message': 'no such field: lganame.'}]}]
[2024-04-05T15:07:11.604+0000] {logging_mixin.py:188} INFO - Errors occurred: [{'index': 0, 'errors': [{'reason': 'invalid', 'location': 'statename', 'debugInfo': '', 'message': 'no such field: statename.'}]}]
[2024-04-05T15:07:12.124+0000] {logging_mixin.py:188} INFO - Errors occurred: [{'index': 0, 'errors': [{'reason': 'invalid', 'location': 'lganame', 'debugInfo': '', 'message': 'no such field: lganame.'}]}]
[2024-04-05T15:07:12.620+0000] {logging_mixin.py:188} INFO - Errors occurred: [{'index': 0, 'errors': [{'reason': 'invalid', 'location': 'landuse', 'debugInfo': '', 'message': 'no such field: landuse.'}]}]
[2024-04-05T15:07:13.149+0000] {logging_mixin.py:188} INFO - Errors occurred: [{'index': 0, 'errors': [{'reason': 'invalid', 'location': 'lganame', 'debugInfo': '', 'message': 'no such field: lganame.'}]}]
[2024-04-05T15:07:13.662+0000] {logging_mixin.py:188} INFO - Errors occurred: [{'index': 0, 'errors': [{'reason': 'invalid', 'location': 'statename', 'debugInfo': '', 'message': 'no such field: statename.'}]}]
[2024-04-05T15:07:14.144+0000] {logging_mixin.py:188} INFO - Errors occurred: [{'index': 0, 'errors': [{'reason': 'invalid', 'location': 'geo', 'debugInfo': '', 'message': 'no such field: geo.'}]}]
[2024-04-05T15:07:14.677+0000] {logging_mixin.py:188} INFO - Errors occurred: [{'index': 0, 'errors': [{'reason': 'invalid', 'location': 'statename', 'debugInfo': '', 'message': 'no such field: statename.'}]}]
[2024-04-05T15:07:15.195+0000] {logging_mixin.py:188} INFO - Errors occurred: [{'index': 0, 'errors': [{'reason': 'invalid', 'location': 'landuse', 'debugInfo': '', 'message': 'no such field: landuse.'}]}]
[2024-04-05T15:07:15.732+0000] {logging_mixin.py:188} INFO - Errors occurred: [{'index': 0, 'errors': [{'reason': 'invalid', 'location': 'wardname', 'debugInfo': '', 'message': 'no such field: wardname.'}]}]
[2024-04-05T15:07:16.291+0000] {logging_mixin.py:188} INFO - Errors occurred: [{'index': 0, 'errors': [{'reason': 'invalid', 'location': 'wardname', 'debugInfo': '', 'message': 'no such field: wardname.'}]}]
[2024-04-05T15:07:16.810+0000] {logging_mixin.py:188} INFO - Errors occurred: [{'index': 0, 'errors': [{'reason': 'invalid', 'location': 'landuse', 'debugInfo': '', 'message': 'no such field: landuse.'}]}]
[2024-04-05T15:07:17.348+0000] {logging_mixin.py:188} INFO - Errors occurred: [{'index': 0, 'errors': [{'reason': 'invalid', 'location': 'statename', 'debugInfo': '', 'message': 'no such field: statename.'}]}]
[2024-04-05T15:07:17.904+0000] {logging_mixin.py:188} INFO - Errors occurred: [{'index': 0, 'errors': [{'reason': 'invalid', 'location': 'landuse', 'debugInfo': '', 'message': 'no such field: landuse.'}]}]
[2024-04-05T15:07:18.465+0000] {logging_mixin.py:188} INFO - Errors occurred: [{'index': 0, 'errors': [{'reason': 'invalid', 'location': 'lganame', 'debugInfo': '', 'message': 'no such field: lganame.'}]}]
[2024-04-05T15:07:18.981+0000] {logging_mixin.py:188} INFO - Errors occurred: [{'index': 0, 'errors': [{'reason': 'invalid', 'location': 'geo', 'debugInfo': '', 'message': 'no such field: geo.'}]}]
[2024-04-05T15:07:19.473+0000] {logging_mixin.py:188} INFO - Errors occurred: [{'index': 0, 'errors': [{'reason': 'invalid', 'location': 'lganame', 'debugInfo': '', 'message': 'no such field: lganame.'}]}]
[2024-04-05T15:07:19.977+0000] {logging_mixin.py:188} INFO - Errors occurred: [{'index': 0, 'errors': [{'reason': 'invalid', 'location': 'statename', 'debugInfo': '', 'message': 'no such field: statename.'}]}]
[2024-04-05T15:07:20.501+0000] {logging_mixin.py:188} INFO - Errors occurred: [{'index': 0, 'errors': [{'reason': 'invalid', 'location': 'landuse', 'debugInfo': '', 'message': 'no such field: landuse.'}]}]
[2024-04-05T15:07:21.019+0000] {logging_mixin.py:188} INFO - Errors occurred: [{'index': 0, 'errors': [{'reason': 'invalid', 'location': 'urban', 'debugInfo': '', 'message': 'no such field: urban.'}]}]
[2024-04-05T15:07:21.546+0000] {logging_mixin.py:188} INFO - Errors occurred: [{'index': 0, 'errors': [{'reason': 'invalid', 'location': 'geo', 'debugInfo': '', 'message': 'no such field: geo.'}]}]
[2024-04-05T15:07:22.359+0000] {logging_mixin.py:188} INFO - Errors occurred: [{'index': 0, 'errors': [{'reason': 'invalid', 'location': 'geo', 'debugInfo': '', 'message': 'no such field: geo.'}]}]
[2024-04-05T15:07:22.973+0000] {logging_mixin.py:188} INFO - Errors occurred: [{'index': 0, 'errors': [{'reason': 'invalid', 'location': 'landuse', 'debugInfo': '', 'message': 'no such field: landuse.'}]}]
[2024-04-05T15:07:23.509+0000] {logging_mixin.py:188} INFO - Errors occurred: [{'index': 0, 'errors': [{'reason': 'invalid', 'location': 'lganame', 'debugInfo': '', 'message': 'no such field: lganame.'}]}]
[2024-04-05T15:07:24.044+0000] {logging_mixin.py:188} INFO - Errors occurred: [{'index': 0, 'errors': [{'reason': 'invalid', 'location': 'geo', 'debugInfo': '', 'message': 'no such field: geo.'}]}]
[2024-04-05T15:07:24.605+0000] {logging_mixin.py:188} INFO - Errors occurred: [{'index': 0, 'errors': [{'reason': 'invalid', 'location': 'urban', 'debugInfo': '', 'message': 'no such field: urban.'}]}]
[2024-04-05T15:07:25.159+0000] {logging_mixin.py:188} INFO - Errors occurred: [{'index': 0, 'errors': [{'reason': 'invalid', 'location': 'lganame', 'debugInfo': '', 'message': 'no such field: lganame.'}]}]
[2024-04-05T15:07:25.717+0000] {logging_mixin.py:188} INFO - Errors occurred: [{'index': 0, 'errors': [{'reason': 'invalid', 'location': 'landuse', 'debugInfo': '', 'message': 'no such field: landuse.'}]}]
[2024-04-05T15:07:26.431+0000] {logging_mixin.py:188} INFO - Errors occurred: [{'index': 0, 'errors': [{'reason': 'invalid', 'location': 'landuse', 'debugInfo': '', 'message': 'no such field: landuse.'}]}]
[2024-04-05T15:07:27.100+0000] {logging_mixin.py:188} INFO - Errors occurred: [{'index': 0, 'errors': [{'reason': 'invalid', 'location': 'statename', 'debugInfo': '', 'message': 'no such field: statename.'}]}]
[2024-04-05T15:07:27.655+0000] {logging_mixin.py:188} INFO - Errors occurred: [{'index': 0, 'errors': [{'reason': 'invalid', 'location': 'geo', 'debugInfo': '', 'message': 'no such field: geo.'}]}]
[2024-04-05T15:07:28.189+0000] {logging_mixin.py:188} INFO - Errors occurred: [{'index': 0, 'errors': [{'reason': 'invalid', 'location': 'lganame', 'debugInfo': '', 'message': 'no such field: lganame.'}]}]
[2024-04-05T15:07:28.742+0000] {logging_mixin.py:188} INFO - Errors occurred: [{'index': 0, 'errors': [{'reason': 'invalid', 'location': 'geo', 'debugInfo': '', 'message': 'no such field: geo.'}]}]
[2024-04-05T15:07:29.302+0000] {logging_mixin.py:188} INFO - Errors occurred: [{'index': 0, 'errors': [{'reason': 'invalid', 'location': 'lganame', 'debugInfo': '', 'message': 'no such field: lganame.'}]}]
[2024-04-05T15:07:29.954+0000] {logging_mixin.py:188} INFO - Errors occurred: [{'index': 0, 'errors': [{'reason': 'invalid', 'location': 'wardname', 'debugInfo': '', 'message': 'no such field: wardname.'}]}]
[2024-04-05T15:07:30.421+0000] {logging_mixin.py:188} INFO - Errors occurred: [{'index': 0, 'errors': [{'reason': 'invalid', 'location': 'lganame', 'debugInfo': '', 'message': 'no such field: lganame.'}]}]
[2024-04-05T15:07:30.900+0000] {logging_mixin.py:188} INFO - Errors occurred: [{'index': 0, 'errors': [{'reason': 'invalid', 'location': 'geo', 'debugInfo': '', 'message': 'no such field: geo.'}]}]
[2024-04-05T15:07:31.374+0000] {logging_mixin.py:188} INFO - Errors occurred: [{'index': 0, 'errors': [{'reason': 'invalid', 'location': 'urban', 'debugInfo': '', 'message': 'no such field: urban.'}]}]
[2024-04-05T15:07:31.849+0000] {logging_mixin.py:188} INFO - Errors occurred: [{'index': 0, 'errors': [{'reason': 'invalid', 'location': 'landuse', 'debugInfo': '', 'message': 'no such field: landuse.'}]}]
[2024-04-05T15:07:32.329+0000] {logging_mixin.py:188} INFO - Errors occurred: [{'index': 0, 'errors': [{'reason': 'invalid', 'location': 'geo', 'debugInfo': '', 'message': 'no such field: geo.'}]}]
[2024-04-05T15:07:32.839+0000] {logging_mixin.py:188} INFO - Errors occurred: [{'index': 0, 'errors': [{'reason': 'invalid', 'location': 'geo', 'debugInfo': '', 'message': 'no such field: geo.'}]}]
[2024-04-05T15:07:33.379+0000] {logging_mixin.py:188} INFO - Errors occurred: [{'index': 0, 'errors': [{'reason': 'invalid', 'location': 'lganame', 'debugInfo': '', 'message': 'no such field: lganame.'}]}]
[2024-04-05T15:07:33.965+0000] {logging_mixin.py:188} INFO - Errors occurred: [{'index': 0, 'errors': [{'reason': 'invalid', 'location': 'wardname', 'debugInfo': '', 'message': 'no such field: wardname.'}]}]
[2024-04-05T15:07:34.574+0000] {logging_mixin.py:188} INFO - Errors occurred: [{'index': 0, 'errors': [{'reason': 'invalid', 'location': 'urban', 'debugInfo': '', 'message': 'no such field: urban.'}]}]
[2024-04-05T15:07:35.143+0000] {logging_mixin.py:188} INFO - Errors occurred: [{'index': 0, 'errors': [{'reason': 'invalid', 'location': 'urban', 'debugInfo': '', 'message': 'no such field: urban.'}]}]
[2024-04-05T15:07:35.677+0000] {logging_mixin.py:188} INFO - Errors occurred: [{'index': 0, 'errors': [{'reason': 'invalid', 'location': 'statename', 'debugInfo': '', 'message': 'no such field: statename.'}]}]
[2024-04-05T15:07:36.145+0000] {logging_mixin.py:188} INFO - Errors occurred: [{'index': 0, 'errors': [{'reason': 'invalid', 'location': 'geo', 'debugInfo': '', 'message': 'no such field: geo.'}]}]
[2024-04-05T15:07:36.629+0000] {logging_mixin.py:188} INFO - Errors occurred: [{'index': 0, 'errors': [{'reason': 'invalid', 'location': 'landuse', 'debugInfo': '', 'message': 'no such field: landuse.'}]}]
[2024-04-05T15:07:37.184+0000] {logging_mixin.py:188} INFO - Errors occurred: [{'index': 0, 'errors': [{'reason': 'invalid', 'location': 'lganame', 'debugInfo': '', 'message': 'no such field: lganame.'}]}]
[2024-04-05T15:07:38.123+0000] {logging_mixin.py:188} INFO - Errors occurred: [{'index': 0, 'errors': [{'reason': 'invalid', 'location': 'landuse', 'debugInfo': '', 'message': 'no such field: landuse.'}]}]
[2024-04-05T15:07:38.712+0000] {logging_mixin.py:188} INFO - Errors occurred: [{'index': 0, 'errors': [{'reason': 'invalid', 'location': 'geo', 'debugInfo': '', 'message': 'no such field: geo.'}]}]
[2024-04-05T15:07:39.296+0000] {logging_mixin.py:188} INFO - Errors occurred: [{'index': 0, 'errors': [{'reason': 'invalid', 'location': 'geo', 'debugInfo': '', 'message': 'no such field: geo.'}]}]
[2024-04-05T15:07:39.779+0000] {logging_mixin.py:188} INFO - Errors occurred: [{'index': 0, 'errors': [{'reason': 'invalid', 'location': 'landuse', 'debugInfo': '', 'message': 'no such field: landuse.'}]}]
[2024-04-05T15:07:40.322+0000] {logging_mixin.py:188} INFO - Errors occurred: [{'index': 0, 'errors': [{'reason': 'invalid', 'location': 'urban', 'debugInfo': '', 'message': 'no such field: urban.'}]}]
[2024-04-05T15:07:40.840+0000] {logging_mixin.py:188} INFO - Errors occurred: [{'index': 0, 'errors': [{'reason': 'invalid', 'location': 'lganame', 'debugInfo': '', 'message': 'no such field: lganame.'}]}]
[2024-04-05T15:07:41.320+0000] {logging_mixin.py:188} INFO - Errors occurred: [{'index': 0, 'errors': [{'reason': 'invalid', 'location': 'landuse', 'debugInfo': '', 'message': 'no such field: landuse.'}]}]
[2024-04-05T15:07:41.826+0000] {logging_mixin.py:188} INFO - Errors occurred: [{'index': 0, 'errors': [{'reason': 'invalid', 'location': 'wardname', 'debugInfo': '', 'message': 'no such field: wardname.'}]}]
[2024-04-05T15:07:42.339+0000] {logging_mixin.py:188} INFO - Errors occurred: [{'index': 0, 'errors': [{'reason': 'invalid', 'location': 'urban', 'debugInfo': '', 'message': 'no such field: urban.'}]}]
[2024-04-05T15:07:42.843+0000] {logging_mixin.py:188} INFO - Errors occurred: [{'index': 0, 'errors': [{'reason': 'invalid', 'location': 'statename', 'debugInfo': '', 'message': 'no such field: statename.'}]}]
[2024-04-05T15:07:43.519+0000] {logging_mixin.py:188} INFO - Errors occurred: [{'index': 0, 'errors': [{'reason': 'invalid', 'location': 'urban', 'debugInfo': '', 'message': 'no such field: urban.'}]}]
[2024-04-05T15:07:44.040+0000] {logging_mixin.py:188} INFO - Errors occurred: [{'index': 0, 'errors': [{'reason': 'invalid', 'location': 'lganame', 'debugInfo': '', 'message': 'no such field: lganame.'}]}]
[2024-04-05T15:07:44.760+0000] {logging_mixin.py:188} INFO - Errors occurred: [{'index': 0, 'errors': [{'reason': 'invalid', 'location': 'wardname', 'debugInfo': '', 'message': 'no such field: wardname.'}]}]
[2024-04-05T15:07:45.273+0000] {logging_mixin.py:188} INFO - Errors occurred: [{'index': 0, 'errors': [{'reason': 'invalid', 'location': 'lganame', 'debugInfo': '', 'message': 'no such field: lganame.'}]}]
[2024-04-05T15:07:45.783+0000] {logging_mixin.py:188} INFO - Errors occurred: [{'index': 0, 'errors': [{'reason': 'invalid', 'location': 'geo', 'debugInfo': '', 'message': 'no such field: geo.'}]}]
[2024-04-05T15:07:46.290+0000] {logging_mixin.py:188} INFO - Errors occurred: [{'index': 0, 'errors': [{'reason': 'invalid', 'location': 'lganame', 'debugInfo': '', 'message': 'no such field: lganame.'}]}]
[2024-04-05T15:07:46.804+0000] {logging_mixin.py:188} INFO - Errors occurred: [{'index': 0, 'errors': [{'reason': 'invalid', 'location': 'landuse', 'debugInfo': '', 'message': 'no such field: landuse.'}]}]
[2024-04-05T15:07:47.485+0000] {logging_mixin.py:188} INFO - Errors occurred: [{'index': 0, 'errors': [{'reason': 'invalid', 'location': 'landuse', 'debugInfo': '', 'message': 'no such field: landuse.'}]}]
[2024-04-05T15:07:47.992+0000] {logging_mixin.py:188} INFO - Errors occurred: [{'index': 0, 'errors': [{'reason': 'invalid', 'location': 'lganame', 'debugInfo': '', 'message': 'no such field: lganame.'}]}]
[2024-04-05T15:07:48.821+0000] {logging_mixin.py:188} INFO - Errors occurred: [{'index': 0, 'errors': [{'reason': 'invalid', 'location': 'statename', 'debugInfo': '', 'message': 'no such field: statename.'}]}]
[2024-04-05T15:07:49.380+0000] {logging_mixin.py:188} INFO - Errors occurred: [{'index': 0, 'errors': [{'reason': 'invalid', 'location': 'geo', 'debugInfo': '', 'message': 'no such field: geo.'}]}]
[2024-04-05T15:07:49.950+0000] {logging_mixin.py:188} INFO - Errors occurred: [{'index': 0, 'errors': [{'reason': 'invalid', 'location': 'urban', 'debugInfo': '', 'message': 'no such field: urban.'}]}]
[2024-04-05T15:07:50.497+0000] {logging_mixin.py:188} INFO - Errors occurred: [{'index': 0, 'errors': [{'reason': 'invalid', 'location': 'geo', 'debugInfo': '', 'message': 'no such field: geo.'}]}]
[2024-04-05T15:07:51.039+0000] {logging_mixin.py:188} INFO - Errors occurred: [{'index': 0, 'errors': [{'reason': 'invalid', 'location': 'statename', 'debugInfo': '', 'message': 'no such field: statename.'}]}]
[2024-04-05T15:07:51.554+0000] {logging_mixin.py:188} INFO - Errors occurred: [{'index': 0, 'errors': [{'reason': 'invalid', 'location': 'lganame', 'debugInfo': '', 'message': 'no such field: lganame.'}]}]
[2024-04-05T15:07:52.048+0000] {logging_mixin.py:188} INFO - Errors occurred: [{'index': 0, 'errors': [{'reason': 'invalid', 'location': 'landuse', 'debugInfo': '', 'message': 'no such field: landuse.'}]}]
[2024-04-05T15:07:52.611+0000] {logging_mixin.py:188} INFO - Errors occurred: [{'index': 0, 'errors': [{'reason': 'invalid', 'location': 'lganame', 'debugInfo': '', 'message': 'no such field: lganame.'}]}]
[2024-04-05T15:07:53.072+0000] {logging_mixin.py:188} INFO - Errors occurred: [{'index': 0, 'errors': [{'reason': 'invalid', 'location': 'urban', 'debugInfo': '', 'message': 'no such field: urban.'}]}]
[2024-04-05T15:07:53.536+0000] {logging_mixin.py:188} INFO - Errors occurred: [{'index': 0, 'errors': [{'reason': 'invalid', 'location': 'wardname', 'debugInfo': '', 'message': 'no such field: wardname.'}]}]
[2024-04-05T15:07:54.302+0000] {logging_mixin.py:188} INFO - Errors occurred: [{'index': 0, 'errors': [{'reason': 'invalid', 'location': 'landuse', 'debugInfo': '', 'message': 'no such field: landuse.'}]}]
[2024-04-05T15:07:55.126+0000] {logging_mixin.py:188} INFO - Errors occurred: [{'index': 0, 'errors': [{'reason': 'invalid', 'location': 'urban', 'debugInfo': '', 'message': 'no such field: urban.'}]}]
[2024-04-05T15:07:55.643+0000] {logging_mixin.py:188} INFO - Errors occurred: [{'index': 0, 'errors': [{'reason': 'invalid', 'location': 'wardname', 'debugInfo': '', 'message': 'no such field: wardname.'}]}]
[2024-04-05T15:07:56.154+0000] {logging_mixin.py:188} INFO - Errors occurred: [{'index': 0, 'errors': [{'reason': 'invalid', 'location': 'lganame', 'debugInfo': '', 'message': 'no such field: lganame.'}]}]
[2024-04-05T15:07:56.629+0000] {logging_mixin.py:188} INFO - Errors occurred: [{'index': 0, 'errors': [{'reason': 'invalid', 'location': 'wardname', 'debugInfo': '', 'message': 'no such field: wardname.'}]}]
[2024-04-05T15:07:57.128+0000] {logging_mixin.py:188} INFO - Errors occurred: [{'index': 0, 'errors': [{'reason': 'invalid', 'location': 'lganame', 'debugInfo': '', 'message': 'no such field: lganame.'}]}]
[2024-04-05T15:07:58.034+0000] {logging_mixin.py:188} INFO - Errors occurred: [{'index': 0, 'errors': [{'reason': 'invalid', 'location': 'urban', 'debugInfo': '', 'message': 'no such field: urban.'}]}]
[2024-04-05T15:07:58.545+0000] {logging_mixin.py:188} INFO - Errors occurred: [{'index': 0, 'errors': [{'reason': 'invalid', 'location': 'geo', 'debugInfo': '', 'message': 'no such field: geo.'}]}]
[2024-04-05T15:07:59.166+0000] {logging_mixin.py:188} INFO - Errors occurred: [{'index': 0, 'errors': [{'reason': 'invalid', 'location': 'urban', 'debugInfo': '', 'message': 'no such field: urban.'}]}]
[2024-04-05T15:07:59.742+0000] {logging_mixin.py:188} INFO - Errors occurred: [{'index': 0, 'errors': [{'reason': 'invalid', 'location': 'landuse', 'debugInfo': '', 'message': 'no such field: landuse.'}]}]
[2024-04-05T15:08:00.310+0000] {logging_mixin.py:188} INFO - Errors occurred: [{'index': 0, 'errors': [{'reason': 'invalid', 'location': 'statename', 'debugInfo': '', 'message': 'no such field: statename.'}]}]
[2024-04-05T15:08:00.830+0000] {logging_mixin.py:188} INFO - Errors occurred: [{'index': 0, 'errors': [{'reason': 'invalid', 'location': 'wardname', 'debugInfo': '', 'message': 'no such field: wardname.'}]}]
[2024-04-05T15:08:01.349+0000] {logging_mixin.py:188} INFO - Errors occurred: [{'index': 0, 'errors': [{'reason': 'invalid', 'location': 'landuse', 'debugInfo': '', 'message': 'no such field: landuse.'}]}]
[2024-04-05T15:08:01.882+0000] {logging_mixin.py:188} INFO - Errors occurred: [{'index': 0, 'errors': [{'reason': 'invalid', 'location': 'landuse', 'debugInfo': '', 'message': 'no such field: landuse.'}]}]
[2024-04-05T15:08:02.704+0000] {logging_mixin.py:188} INFO - Errors occurred: [{'index': 0, 'errors': [{'reason': 'invalid', 'location': 'wardname', 'debugInfo': '', 'message': 'no such field: wardname.'}]}]
[2024-04-05T15:08:03.231+0000] {logging_mixin.py:188} INFO - Errors occurred: [{'index': 0, 'errors': [{'reason': 'invalid', 'location': 'geo', 'debugInfo': '', 'message': 'no such field: geo.'}]}]
[2024-04-05T15:08:03.725+0000] {logging_mixin.py:188} INFO - Errors occurred: [{'index': 0, 'errors': [{'reason': 'invalid', 'location': 'landuse', 'debugInfo': '', 'message': 'no such field: landuse.'}]}]
[2024-04-05T15:08:04.227+0000] {logging_mixin.py:188} INFO - Errors occurred: [{'index': 0, 'errors': [{'reason': 'invalid', 'location': 'wardname', 'debugInfo': '', 'message': 'no such field: wardname.'}]}]
[2024-04-05T15:08:04.718+0000] {logging_mixin.py:188} INFO - Errors occurred: [{'index': 0, 'errors': [{'reason': 'invalid', 'location': 'wardname', 'debugInfo': '', 'message': 'no such field: wardname.'}]}]
[2024-04-05T15:08:05.236+0000] {logging_mixin.py:188} INFO - Errors occurred: [{'index': 0, 'errors': [{'reason': 'invalid', 'location': 'urban', 'debugInfo': '', 'message': 'no such field: urban.'}]}]
[2024-04-05T15:08:05.876+0000] {logging_mixin.py:188} INFO - Errors occurred: [{'index': 0, 'errors': [{'reason': 'invalid', 'location': 'geo', 'debugInfo': '', 'message': 'no such field: geo.'}]}]
[2024-04-05T15:08:06.596+0000] {logging_mixin.py:188} INFO - Errors occurred: [{'index': 0, 'errors': [{'reason': 'invalid', 'location': 'statename', 'debugInfo': '', 'message': 'no such field: statename.'}]}]
[2024-04-05T15:08:07.107+0000] {logging_mixin.py:188} INFO - Errors occurred: [{'index': 0, 'errors': [{'reason': 'invalid', 'location': 'lganame', 'debugInfo': '', 'message': 'no such field: lganame.'}]}]
[2024-04-05T15:08:07.633+0000] {logging_mixin.py:188} INFO - Errors occurred: [{'index': 0, 'errors': [{'reason': 'invalid', 'location': 'lganame', 'debugInfo': '', 'message': 'no such field: lganame.'}]}]
[2024-04-05T15:08:08.137+0000] {logging_mixin.py:188} INFO - Errors occurred: [{'index': 0, 'errors': [{'reason': 'invalid', 'location': 'geo', 'debugInfo': '', 'message': 'no such field: geo.'}]}]
[2024-04-05T15:08:08.662+0000] {logging_mixin.py:188} INFO - Errors occurred: [{'index': 0, 'errors': [{'reason': 'invalid', 'location': 'landuse', 'debugInfo': '', 'message': 'no such field: landuse.'}]}]
[2024-04-05T15:08:09.135+0000] {logging_mixin.py:188} INFO - Errors occurred: [{'index': 0, 'errors': [{'reason': 'invalid', 'location': 'urban', 'debugInfo': '', 'message': 'no such field: urban.'}]}]
[2024-04-05T15:08:09.711+0000] {logging_mixin.py:188} INFO - Errors occurred: [{'index': 0, 'errors': [{'reason': 'invalid', 'location': 'geo', 'debugInfo': '', 'message': 'no such field: geo.'}]}]
[2024-04-05T15:08:10.197+0000] {logging_mixin.py:188} INFO - Errors occurred: [{'index': 0, 'errors': [{'reason': 'invalid', 'location': 'urban', 'debugInfo': '', 'message': 'no such field: urban.'}]}]
[2024-04-05T15:08:10.855+0000] {logging_mixin.py:188} INFO - Errors occurred: [{'index': 0, 'errors': [{'reason': 'invalid', 'location': 'lganame', 'debugInfo': '', 'message': 'no such field: lganame.'}]}]
[2024-04-05T15:08:11.383+0000] {logging_mixin.py:188} INFO - Errors occurred: [{'index': 0, 'errors': [{'reason': 'invalid', 'location': 'geo', 'debugInfo': '', 'message': 'no such field: geo.'}]}]
[2024-04-05T15:08:11.934+0000] {logging_mixin.py:188} INFO - Errors occurred: [{'index': 0, 'errors': [{'reason': 'invalid', 'location': 'landuse', 'debugInfo': '', 'message': 'no such field: landuse.'}]}]
[2024-04-05T15:08:12.447+0000] {logging_mixin.py:188} INFO - Errors occurred: [{'index': 0, 'errors': [{'reason': 'invalid', 'location': 'lganame', 'debugInfo': '', 'message': 'no such field: lganame.'}]}]
[2024-04-05T15:08:13.022+0000] {logging_mixin.py:188} INFO - Errors occurred: [{'index': 0, 'errors': [{'reason': 'invalid', 'location': 'urban', 'debugInfo': '', 'message': 'no such field: urban.'}]}]
[2024-04-05T15:08:13.963+0000] {logging_mixin.py:188} INFO - Errors occurred: [{'index': 0, 'errors': [{'reason': 'invalid', 'location': 'urban', 'debugInfo': '', 'message': 'no such field: urban.'}]}]
[2024-04-05T15:08:14.682+0000] {logging_mixin.py:188} INFO - Errors occurred: [{'index': 0, 'errors': [{'reason': 'invalid', 'location': 'urban', 'debugInfo': '', 'message': 'no such field: urban.'}]}]
[2024-04-05T15:08:15.301+0000] {logging_mixin.py:188} INFO - Errors occurred: [{'index': 0, 'errors': [{'reason': 'invalid', 'location': 'geo', 'debugInfo': '', 'message': 'no such field: geo.'}]}]
[2024-04-05T15:08:15.784+0000] {logging_mixin.py:188} INFO - Errors occurred: [{'index': 0, 'errors': [{'reason': 'invalid', 'location': 'wardname', 'debugInfo': '', 'message': 'no such field: wardname.'}]}]
[2024-04-05T15:08:16.303+0000] {logging_mixin.py:188} INFO - Errors occurred: [{'index': 0, 'errors': [{'reason': 'invalid', 'location': 'geo', 'debugInfo': '', 'message': 'no such field: geo.'}]}]
[2024-04-05T15:08:16.822+0000] {logging_mixin.py:188} INFO - Errors occurred: [{'index': 0, 'errors': [{'reason': 'invalid', 'location': 'wardname', 'debugInfo': '', 'message': 'no such field: wardname.'}]}]
[2024-04-05T15:08:17.457+0000] {logging_mixin.py:188} INFO - Errors occurred: [{'index': 0, 'errors': [{'reason': 'invalid', 'location': 'geo', 'debugInfo': '', 'message': 'no such field: geo.'}]}]
[2024-04-05T15:08:17.988+0000] {logging_mixin.py:188} INFO - Errors occurred: [{'index': 0, 'errors': [{'reason': 'invalid', 'location': 'statename', 'debugInfo': '', 'message': 'no such field: statename.'}]}]
[2024-04-05T15:08:18.500+0000] {logging_mixin.py:188} INFO - Errors occurred: [{'index': 0, 'errors': [{'reason': 'invalid', 'location': 'lganame', 'debugInfo': '', 'message': 'no such field: lganame.'}]}]
[2024-04-05T15:08:19.027+0000] {logging_mixin.py:188} INFO - Errors occurred: [{'index': 0, 'errors': [{'reason': 'invalid', 'location': 'statename', 'debugInfo': '', 'message': 'no such field: statename.'}]}]
[2024-04-05T15:08:19.582+0000] {logging_mixin.py:188} INFO - Errors occurred: [{'index': 0, 'errors': [{'reason': 'invalid', 'location': 'geo', 'debugInfo': '', 'message': 'no such field: geo.'}]}]
[2024-04-05T15:08:20.125+0000] {logging_mixin.py:188} INFO - Errors occurred: [{'index': 0, 'errors': [{'reason': 'invalid', 'location': 'wardname', 'debugInfo': '', 'message': 'no such field: wardname.'}]}]
[2024-04-05T15:08:20.655+0000] {logging_mixin.py:188} INFO - Errors occurred: [{'index': 0, 'errors': [{'reason': 'invalid', 'location': 'landuse', 'debugInfo': '', 'message': 'no such field: landuse.'}]}]
[2024-04-05T15:08:21.197+0000] {logging_mixin.py:188} INFO - Errors occurred: [{'index': 0, 'errors': [{'reason': 'invalid', 'location': 'landuse', 'debugInfo': '', 'message': 'no such field: landuse.'}]}]
[2024-04-05T15:08:22.038+0000] {logging_mixin.py:188} INFO - Errors occurred: [{'index': 0, 'errors': [{'reason': 'invalid', 'location': 'statename', 'debugInfo': '', 'message': 'no such field: statename.'}]}]
[2024-04-05T15:08:22.569+0000] {logging_mixin.py:188} INFO - Errors occurred: [{'index': 0, 'errors': [{'reason': 'invalid', 'location': 'geo', 'debugInfo': '', 'message': 'no such field: geo.'}]}]
[2024-04-05T15:08:23.347+0000] {logging_mixin.py:188} INFO - Errors occurred: [{'index': 0, 'errors': [{'reason': 'invalid', 'location': 'geo', 'debugInfo': '', 'message': 'no such field: geo.'}]}]
[2024-04-05T15:08:23.925+0000] {logging_mixin.py:188} INFO - Errors occurred: [{'index': 0, 'errors': [{'reason': 'invalid', 'location': 'lganame', 'debugInfo': '', 'message': 'no such field: lganame.'}]}]
[2024-04-05T15:08:24.470+0000] {logging_mixin.py:188} INFO - Errors occurred: [{'index': 0, 'errors': [{'reason': 'invalid', 'location': 'landuse', 'debugInfo': '', 'message': 'no such field: landuse.'}]}]
[2024-04-05T15:08:24.997+0000] {logging_mixin.py:188} INFO - Errors occurred: [{'index': 0, 'errors': [{'reason': 'invalid', 'location': 'geo', 'debugInfo': '', 'message': 'no such field: geo.'}]}]
[2024-04-05T15:08:25.526+0000] {logging_mixin.py:188} INFO - Errors occurred: [{'index': 0, 'errors': [{'reason': 'invalid', 'location': 'geo', 'debugInfo': '', 'message': 'no such field: geo.'}]}]
[2024-04-05T15:08:26.051+0000] {logging_mixin.py:188} INFO - Errors occurred: [{'index': 0, 'errors': [{'reason': 'invalid', 'location': 'landuse', 'debugInfo': '', 'message': 'no such field: landuse.'}]}]
[2024-04-05T15:08:26.560+0000] {logging_mixin.py:188} INFO - Errors occurred: [{'index': 0, 'errors': [{'reason': 'invalid', 'location': 'geo', 'debugInfo': '', 'message': 'no such field: geo.'}]}]
[2024-04-05T15:08:27.100+0000] {logging_mixin.py:188} INFO - Errors occurred: [{'index': 0, 'errors': [{'reason': 'invalid', 'location': 'wardname', 'debugInfo': '', 'message': 'no such field: wardname.'}]}]
[2024-04-05T15:08:27.808+0000] {logging_mixin.py:188} INFO - Errors occurred: [{'index': 0, 'errors': [{'reason': 'invalid', 'location': 'statename', 'debugInfo': '', 'message': 'no such field: statename.'}]}]
[2024-04-05T15:08:28.579+0000] {logging_mixin.py:188} INFO - Errors occurred: [{'index': 0, 'errors': [{'reason': 'invalid', 'location': 'urban', 'debugInfo': '', 'message': 'no such field: urban.'}]}]
[2024-04-05T15:08:29.359+0000] {logging_mixin.py:188} INFO - Errors occurred: [{'index': 0, 'errors': [{'reason': 'invalid', 'location': 'statename', 'debugInfo': '', 'message': 'no such field: statename.'}]}]
[2024-04-05T15:08:29.921+0000] {logging_mixin.py:188} INFO - Errors occurred: [{'index': 0, 'errors': [{'reason': 'invalid', 'location': 'geo', 'debugInfo': '', 'message': 'no such field: geo.'}]}]
[2024-04-05T15:08:30.497+0000] {logging_mixin.py:188} INFO - Errors occurred: [{'index': 0, 'errors': [{'reason': 'invalid', 'location': 'lganame', 'debugInfo': '', 'message': 'no such field: lganame.'}]}]
[2024-04-05T15:08:31.043+0000] {logging_mixin.py:188} INFO - Errors occurred: [{'index': 0, 'errors': [{'reason': 'invalid', 'location': 'urban', 'debugInfo': '', 'message': 'no such field: urban.'}]}]
[2024-04-05T15:08:31.598+0000] {logging_mixin.py:188} INFO - Errors occurred: [{'index': 0, 'errors': [{'reason': 'invalid', 'location': 'urban', 'debugInfo': '', 'message': 'no such field: urban.'}]}]
[2024-04-05T15:08:32.162+0000] {logging_mixin.py:188} INFO - Errors occurred: [{'index': 0, 'errors': [{'reason': 'invalid', 'location': 'landuse', 'debugInfo': '', 'message': 'no such field: landuse.'}]}]
[2024-04-05T15:08:32.891+0000] {logging_mixin.py:188} INFO - Errors occurred: [{'index': 0, 'errors': [{'reason': 'invalid', 'location': 'statename', 'debugInfo': '', 'message': 'no such field: statename.'}]}]
[2024-04-05T15:08:33.414+0000] {logging_mixin.py:188} INFO - Errors occurred: [{'index': 0, 'errors': [{'reason': 'invalid', 'location': 'wardname', 'debugInfo': '', 'message': 'no such field: wardname.'}]}]
[2024-04-05T15:08:33.951+0000] {logging_mixin.py:188} INFO - Errors occurred: [{'index': 0, 'errors': [{'reason': 'invalid', 'location': 'geo', 'debugInfo': '', 'message': 'no such field: geo.'}]}]
[2024-04-05T15:08:34.465+0000] {logging_mixin.py:188} INFO - Errors occurred: [{'index': 0, 'errors': [{'reason': 'invalid', 'location': 'statename', 'debugInfo': '', 'message': 'no such field: statename.'}]}]
[2024-04-05T15:08:34.986+0000] {logging_mixin.py:188} INFO - Errors occurred: [{'index': 0, 'errors': [{'reason': 'invalid', 'location': 'geo', 'debugInfo': '', 'message': 'no such field: geo.'}]}]
[2024-04-05T15:08:35.776+0000] {logging_mixin.py:188} INFO - Errors occurred: [{'index': 0, 'errors': [{'reason': 'invalid', 'location': 'geo', 'debugInfo': '', 'message': 'no such field: geo.'}]}]
[2024-04-05T15:08:36.674+0000] {logging_mixin.py:188} INFO - Errors occurred: [{'index': 0, 'errors': [{'reason': 'invalid', 'location': 'wardname', 'debugInfo': '', 'message': 'no such field: wardname.'}]}]
[2024-04-05T15:08:37.378+0000] {logging_mixin.py:188} INFO - Errors occurred: [{'index': 0, 'errors': [{'reason': 'invalid', 'location': 'urban', 'debugInfo': '', 'message': 'no such field: urban.'}]}]
[2024-04-05T15:08:37.889+0000] {logging_mixin.py:188} INFO - Errors occurred: [{'index': 0, 'errors': [{'reason': 'invalid', 'location': 'geo', 'debugInfo': '', 'message': 'no such field: geo.'}]}]
[2024-04-05T15:08:38.885+0000] {logging_mixin.py:188} INFO - Errors occurred: [{'index': 0, 'errors': [{'reason': 'invalid', 'location': 'urban', 'debugInfo': '', 'message': 'no such field: urban.'}]}]
[2024-04-05T15:08:39.909+0000] {logging_mixin.py:188} INFO - Errors occurred: [{'index': 0, 'errors': [{'reason': 'invalid', 'location': 'statename', 'debugInfo': '', 'message': 'no such field: statename.'}]}]
[2024-04-05T15:08:41.239+0000] {logging_mixin.py:188} INFO - Errors occurred: [{'index': 0, 'errors': [{'reason': 'invalid', 'location': 'statename', 'debugInfo': '', 'message': 'no such field: statename.'}]}]
[2024-04-05T15:08:41.846+0000] {logging_mixin.py:188} INFO - Errors occurred: [{'index': 0, 'errors': [{'reason': 'invalid', 'location': 'statename', 'debugInfo': '', 'message': 'no such field: statename.'}]}]
[2024-04-05T15:08:42.528+0000] {logging_mixin.py:188} INFO - Errors occurred: [{'index': 0, 'errors': [{'reason': 'invalid', 'location': 'landuse', 'debugInfo': '', 'message': 'no such field: landuse.'}]}]
[2024-04-05T15:08:43.250+0000] {logging_mixin.py:188} INFO - Errors occurred: [{'index': 0, 'errors': [{'reason': 'invalid', 'location': 'statename', 'debugInfo': '', 'message': 'no such field: statename.'}]}]
[2024-04-05T15:08:43.989+0000] {logging_mixin.py:188} INFO - Errors occurred: [{'index': 0, 'errors': [{'reason': 'invalid', 'location': 'geo', 'debugInfo': '', 'message': 'no such field: geo.'}]}]
[2024-04-05T15:08:44.570+0000] {logging_mixin.py:188} INFO - Errors occurred: [{'index': 0, 'errors': [{'reason': 'invalid', 'location': 'landuse', 'debugInfo': '', 'message': 'no such field: landuse.'}]}]
[2024-04-05T15:08:45.395+0000] {logging_mixin.py:188} INFO - Errors occurred: [{'index': 0, 'errors': [{'reason': 'invalid', 'location': 'lganame', 'debugInfo': '', 'message': 'no such field: lganame.'}]}]
[2024-04-05T15:08:45.907+0000] {logging_mixin.py:188} INFO - Errors occurred: [{'index': 0, 'errors': [{'reason': 'invalid', 'location': 'urban', 'debugInfo': '', 'message': 'no such field: urban.'}]}]
[2024-04-05T15:08:46.426+0000] {logging_mixin.py:188} INFO - Errors occurred: [{'index': 0, 'errors': [{'reason': 'invalid', 'location': 'landuse', 'debugInfo': '', 'message': 'no such field: landuse.'}]}]
[2024-04-05T15:08:46.947+0000] {logging_mixin.py:188} INFO - Errors occurred: [{'index': 0, 'errors': [{'reason': 'invalid', 'location': 'urban', 'debugInfo': '', 'message': 'no such field: urban.'}]}]
[2024-04-05T15:08:47.677+0000] {logging_mixin.py:188} INFO - Errors occurred: [{'index': 0, 'errors': [{'reason': 'invalid', 'location': 'statename', 'debugInfo': '', 'message': 'no such field: statename.'}]}]
[2024-04-05T15:08:48.310+0000] {logging_mixin.py:188} INFO - Errors occurred: [{'index': 0, 'errors': [{'reason': 'invalid', 'location': 'geo', 'debugInfo': '', 'message': 'no such field: geo.'}]}]
[2024-04-05T15:08:49.006+0000] {logging_mixin.py:188} INFO - Errors occurred: [{'index': 0, 'errors': [{'reason': 'invalid', 'location': 'landuse', 'debugInfo': '', 'message': 'no such field: landuse.'}]}]
[2024-04-05T15:08:49.547+0000] {logging_mixin.py:188} INFO - Errors occurred: [{'index': 0, 'errors': [{'reason': 'invalid', 'location': 'lganame', 'debugInfo': '', 'message': 'no such field: lganame.'}]}]
[2024-04-05T15:08:50.063+0000] {logging_mixin.py:188} INFO - Errors occurred: [{'index': 0, 'errors': [{'reason': 'invalid', 'location': 'landuse', 'debugInfo': '', 'message': 'no such field: landuse.'}]}]
[2024-04-05T15:08:50.570+0000] {logging_mixin.py:188} INFO - Errors occurred: [{'index': 0, 'errors': [{'reason': 'invalid', 'location': 'landuse', 'debugInfo': '', 'message': 'no such field: landuse.'}]}]
[2024-04-05T15:08:51.085+0000] {logging_mixin.py:188} INFO - Errors occurred: [{'index': 0, 'errors': [{'reason': 'invalid', 'location': 'lganame', 'debugInfo': '', 'message': 'no such field: lganame.'}]}]
[2024-04-05T15:08:51.797+0000] {logging_mixin.py:188} INFO - Errors occurred: [{'index': 0, 'errors': [{'reason': 'invalid', 'location': 'urban', 'debugInfo': '', 'message': 'no such field: urban.'}]}]
[2024-04-05T15:08:52.355+0000] {logging_mixin.py:188} INFO - Errors occurred: [{'index': 0, 'errors': [{'reason': 'invalid', 'location': 'landuse', 'debugInfo': '', 'message': 'no such field: landuse.'}]}]
[2024-04-05T15:08:53.025+0000] {logging_mixin.py:188} INFO - Errors occurred: [{'index': 0, 'errors': [{'reason': 'invalid', 'location': 'statename', 'debugInfo': '', 'message': 'no such field: statename.'}]}]
[2024-04-05T15:08:53.557+0000] {logging_mixin.py:188} INFO - Errors occurred: [{'index': 0, 'errors': [{'reason': 'invalid', 'location': 'landuse', 'debugInfo': '', 'message': 'no such field: landuse.'}]}]
[2024-04-05T15:08:54.069+0000] {logging_mixin.py:188} INFO - Errors occurred: [{'index': 0, 'errors': [{'reason': 'invalid', 'location': 'geo', 'debugInfo': '', 'message': 'no such field: geo.'}]}]
[2024-04-05T15:08:54.606+0000] {logging_mixin.py:188} INFO - Errors occurred: [{'index': 0, 'errors': [{'reason': 'invalid', 'location': 'lganame', 'debugInfo': '', 'message': 'no such field: lganame.'}]}]
[2024-04-05T15:08:55.155+0000] {logging_mixin.py:188} INFO - Errors occurred: [{'index': 0, 'errors': [{'reason': 'invalid', 'location': 'wardname', 'debugInfo': '', 'message': 'no such field: wardname.'}]}]
[2024-04-05T15:08:55.693+0000] {logging_mixin.py:188} INFO - Errors occurred: [{'index': 0, 'errors': [{'reason': 'invalid', 'location': 'urban', 'debugInfo': '', 'message': 'no such field: urban.'}]}]
[2024-04-05T15:08:56.183+0000] {logging_mixin.py:188} INFO - Errors occurred: [{'index': 0, 'errors': [{'reason': 'invalid', 'location': 'landuse', 'debugInfo': '', 'message': 'no such field: landuse.'}]}]
[2024-04-05T15:08:57.209+0000] {logging_mixin.py:188} INFO - Errors occurred: [{'index': 0, 'errors': [{'reason': 'invalid', 'location': 'lganame', 'debugInfo': '', 'message': 'no such field: lganame.'}]}]
[2024-04-05T15:08:57.750+0000] {logging_mixin.py:188} INFO - Errors occurred: [{'index': 0, 'errors': [{'reason': 'invalid', 'location': 'wardname', 'debugInfo': '', 'message': 'no such field: wardname.'}]}]
[2024-04-05T15:08:58.306+0000] {logging_mixin.py:188} INFO - Errors occurred: [{'index': 0, 'errors': [{'reason': 'invalid', 'location': 'geo', 'debugInfo': '', 'message': 'no such field: geo.'}]}]
[2024-04-05T15:08:58.860+0000] {logging_mixin.py:188} INFO - Errors occurred: [{'index': 0, 'errors': [{'reason': 'invalid', 'location': 'lganame', 'debugInfo': '', 'message': 'no such field: lganame.'}]}]
[2024-04-05T15:08:59.423+0000] {logging_mixin.py:188} INFO - Errors occurred: [{'index': 0, 'errors': [{'reason': 'invalid', 'location': 'landuse', 'debugInfo': '', 'message': 'no such field: landuse.'}]}]
[2024-04-05T15:09:00.062+0000] {logging_mixin.py:188} INFO - Errors occurred: [{'index': 0, 'errors': [{'reason': 'invalid', 'location': 'urban', 'debugInfo': '', 'message': 'no such field: urban.'}]}]
[2024-04-05T15:09:00.812+0000] {logging_mixin.py:188} INFO - Errors occurred: [{'index': 0, 'errors': [{'reason': 'invalid', 'location': 'landuse', 'debugInfo': '', 'message': 'no such field: landuse.'}]}]
[2024-04-05T15:09:01.350+0000] {logging_mixin.py:188} INFO - Errors occurred: [{'index': 0, 'errors': [{'reason': 'invalid', 'location': 'landuse', 'debugInfo': '', 'message': 'no such field: landuse.'}]}]
[2024-04-05T15:09:01.893+0000] {logging_mixin.py:188} INFO - Errors occurred: [{'index': 0, 'errors': [{'reason': 'invalid', 'location': 'urban', 'debugInfo': '', 'message': 'no such field: urban.'}]}]
[2024-04-05T15:09:02.441+0000] {logging_mixin.py:188} INFO - Errors occurred: [{'index': 0, 'errors': [{'reason': 'invalid', 'location': 'lganame', 'debugInfo': '', 'message': 'no such field: lganame.'}]}]
[2024-04-05T15:09:03.023+0000] {logging_mixin.py:188} INFO - Errors occurred: [{'index': 0, 'errors': [{'reason': 'invalid', 'location': 'urban', 'debugInfo': '', 'message': 'no such field: urban.'}]}]
[2024-04-05T15:09:03.567+0000] {logging_mixin.py:188} INFO - Errors occurred: [{'index': 0, 'errors': [{'reason': 'invalid', 'location': 'lganame', 'debugInfo': '', 'message': 'no such field: lganame.'}]}]
[2024-04-05T15:09:04.089+0000] {logging_mixin.py:188} INFO - Errors occurred: [{'index': 0, 'errors': [{'reason': 'invalid', 'location': 'lganame', 'debugInfo': '', 'message': 'no such field: lganame.'}]}]
[2024-04-05T15:09:04.862+0000] {logging_mixin.py:188} INFO - Errors occurred: [{'index': 0, 'errors': [{'reason': 'invalid', 'location': 'geo', 'debugInfo': '', 'message': 'no such field: geo.'}]}]
[2024-04-05T15:09:05.472+0000] {logging_mixin.py:188} INFO - Errors occurred: [{'index': 0, 'errors': [{'reason': 'invalid', 'location': 'landuse', 'debugInfo': '', 'message': 'no such field: landuse.'}]}]
[2024-04-05T15:09:06.025+0000] {logging_mixin.py:188} INFO - Errors occurred: [{'index': 0, 'errors': [{'reason': 'invalid', 'location': 'urban', 'debugInfo': '', 'message': 'no such field: urban.'}]}]
[2024-04-05T15:09:06.537+0000] {logging_mixin.py:188} INFO - Errors occurred: [{'index': 0, 'errors': [{'reason': 'invalid', 'location': 'lganame', 'debugInfo': '', 'message': 'no such field: lganame.'}]}]
[2024-04-05T15:09:07.042+0000] {logging_mixin.py:188} INFO - Errors occurred: [{'index': 0, 'errors': [{'reason': 'invalid', 'location': 'landuse', 'debugInfo': '', 'message': 'no such field: landuse.'}]}]
[2024-04-05T15:09:07.655+0000] {logging_mixin.py:188} INFO - Errors occurred: [{'index': 0, 'errors': [{'reason': 'invalid', 'location': 'landuse', 'debugInfo': '', 'message': 'no such field: landuse.'}]}]
[2024-04-05T15:09:08.357+0000] {logging_mixin.py:188} INFO - Errors occurred: [{'index': 0, 'errors': [{'reason': 'invalid', 'location': 'geo', 'debugInfo': '', 'message': 'no such field: geo.'}]}]
[2024-04-05T15:09:08.891+0000] {logging_mixin.py:188} INFO - Errors occurred: [{'index': 0, 'errors': [{'reason': 'invalid', 'location': 'urban', 'debugInfo': '', 'message': 'no such field: urban.'}]}]
[2024-04-05T15:09:09.472+0000] {logging_mixin.py:188} INFO - Errors occurred: [{'index': 0, 'errors': [{'reason': 'invalid', 'location': 'urban', 'debugInfo': '', 'message': 'no such field: urban.'}]}]
[2024-04-05T15:09:10.074+0000] {logging_mixin.py:188} INFO - Errors occurred: [{'index': 0, 'errors': [{'reason': 'invalid', 'location': 'landuse', 'debugInfo': '', 'message': 'no such field: landuse.'}]}]
[2024-04-05T15:09:10.615+0000] {logging_mixin.py:188} INFO - Errors occurred: [{'index': 0, 'errors': [{'reason': 'invalid', 'location': 'landuse', 'debugInfo': '', 'message': 'no such field: landuse.'}]}]
[2024-04-05T15:09:11.186+0000] {logging_mixin.py:188} INFO - Errors occurred: [{'index': 0, 'errors': [{'reason': 'invalid', 'location': 'geo', 'debugInfo': '', 'message': 'no such field: geo.'}]}]
[2024-04-05T15:09:11.751+0000] {logging_mixin.py:188} INFO - Errors occurred: [{'index': 0, 'errors': [{'reason': 'invalid', 'location': 'geo', 'debugInfo': '', 'message': 'no such field: geo.'}]}]
[2024-04-05T15:09:12.248+0000] {logging_mixin.py:188} INFO - Errors occurred: [{'index': 0, 'errors': [{'reason': 'invalid', 'location': 'geo', 'debugInfo': '', 'message': 'no such field: geo.'}]}]
[2024-04-05T15:09:12.765+0000] {logging_mixin.py:188} INFO - Errors occurred: [{'index': 0, 'errors': [{'reason': 'invalid', 'location': 'landuse', 'debugInfo': '', 'message': 'no such field: landuse.'}]}]
[2024-04-05T15:09:13.329+0000] {logging_mixin.py:188} INFO - Errors occurred: [{'index': 0, 'errors': [{'reason': 'invalid', 'location': 'lganame', 'debugInfo': '', 'message': 'no such field: lganame.'}]}]
[2024-04-05T15:09:13.859+0000] {logging_mixin.py:188} INFO - Errors occurred: [{'index': 0, 'errors': [{'reason': 'invalid', 'location': 'statename', 'debugInfo': '', 'message': 'no such field: statename.'}]}]
[2024-04-05T15:09:14.453+0000] {logging_mixin.py:188} INFO - Errors occurred: [{'index': 0, 'errors': [{'reason': 'invalid', 'location': 'urban', 'debugInfo': '', 'message': 'no such field: urban.'}]}]
[2024-04-05T15:09:15.323+0000] {logging_mixin.py:188} INFO - Errors occurred: [{'index': 0, 'errors': [{'reason': 'invalid', 'location': 'statename', 'debugInfo': '', 'message': 'no such field: statename.'}]}]
[2024-04-05T15:09:15.830+0000] {logging_mixin.py:188} INFO - Errors occurred: [{'index': 0, 'errors': [{'reason': 'invalid', 'location': 'landuse', 'debugInfo': '', 'message': 'no such field: landuse.'}]}]
[2024-04-05T15:09:16.342+0000] {logging_mixin.py:188} INFO - Errors occurred: [{'index': 0, 'errors': [{'reason': 'invalid', 'location': 'landuse', 'debugInfo': '', 'message': 'no such field: landuse.'}]}]
[2024-04-05T15:09:16.491+0000] {local_task_job_runner.py:302} WARNING - State of this instance has been externally set to None. Terminating instance.
[2024-04-05T15:09:16.503+0000] {process_utils.py:131} INFO - Sending 15 to group 5230. PIDs of all processes in the group: [5230]
[2024-04-05T15:09:16.506+0000] {process_utils.py:86} INFO - Sending the signal 15 to group 5230
[2024-04-05T15:09:16.511+0000] {taskinstance.py:2483} ERROR - Received SIGTERM. Terminating subprocesses.
[2024-04-05T15:09:16.516+0000] {logging_mixin.py:188} INFO - Task received SIGTERM signal
[2024-04-05T15:09:16.526+0000] {python.py:202} INFO - Done. Returned value was: None
[2024-04-05T15:09:16.611+0000] {taskinstance.py:1149} INFO - Marking task as SUCCESS. dag_id=extract_osm_farmland, task_id=load_data_tobigquery, execution_date=20240405T150242, start_date=20240405T150553, end_date=20240405T150916
[2024-04-05T15:09:16.768+0000] {process_utils.py:79} INFO - Process psutil.Process(pid=5230, status='terminated', exitcode=0, started='15:05:52') (5230) terminated with exit code 0
